<?xml version="1.0" encoding="UTF-8"?>
<!-- Generated by org.testng.reporters.JUnitReportReporter -->
<testsuite skipped="0" hostname="DESKTOP-M6CC2QN" name="ePDS.SingleCards.Login" tests="1" failures="0" timestamp="2020-10-12T16:51:53 IST" time="41.964" errors="0">
  <testcase name="loginUser" time="41.964" classname="ePDS.SingleCards.Login"/>
  <system-out/>
</testsuite> <!-- ePDS.SingleCards.Login -->
