<?xml version="1.0" encoding="UTF-8"?>
<!-- Generated by org.testng.reporters.JUnitReportReporter -->
<testsuite skipped="0" hostname="DESKTOP-M6CC2QN" name="ePDS.SingleCards.EPDSLogin" tests="1" failures="0" timestamp="2020-11-01T08:07:40 IST" time="36.894" errors="0">
  <testcase name="loginUser" time="36.894" classname="ePDS.SingleCards.EPDSLogin"/>
  <system-out/>
</testsuite> <!-- ePDS.SingleCards.EPDSLogin -->
